app/build/intermediates/manifest_merge_blame_file/debug/manifest-merger-blame-debug-report.txt
1<?xml version="1.0" encoding="utf-8"?>
2<manifest xmlns:android="http://schemas.android.com/apk/res/android"
3    package="com.example.lajoya"
4    android:versionCode="1"
5    android:versionName="1.0" >
6
7    <uses-sdk
8        android:minSdkVersion="15"
8-->src\main\AndroidManifest.xml
9        android:targetSdkVersion="29" />
9-->src\main\AndroidManifest.xml
10
11    <uses-permission android:name="android.permission.INTERNET" />
11-->[com.firebaseui:firebase-ui-database:3.2.2] AndroidManifest.xml:11:5-67
11-->[com.firebaseui:firebase-ui-database:3.2.2] AndroidManifest.xml:11:22-64
12    <uses-permission android:name="android.permission.ACCESS_NETWORK_STATE" />
12-->[com.google.firebase:firebase-measurement-connector-impl:16.0.1] AndroidManifest.xml:23:5-79
12-->[com.google.firebase:firebase-measurement-connector-impl:16.0.1] AndroidManifest.xml:23:22-76
13    <uses-permission android:name="android.permission.WAKE_LOCK" />
13-->[com.google.firebase:firebase-measurement-connector-impl:16.0.1] AndroidManifest.xml:24:5-68
13-->[com.google.firebase:firebase-measurement-connector-impl:16.0.1] AndroidManifest.xml:24:22-65
14    <uses-permission android:name="com.google.android.finsky.permission.BIND_GET_INSTALL_REFERRER_SERVICE" /> <!-- Required by older versions of Google Play services to create IID tokens -->
14-->[com.google.firebase:firebase-analytics:16.0.1] AndroidManifest.xml:26:5-110
14-->[com.google.firebase:firebase-analytics:16.0.1] AndroidManifest.xml:26:22-107
15    <uses-permission android:name="com.google.android.c2dm.permission.RECEIVE" />
15-->[com.google.firebase:firebase-iid:16.0.0] AndroidManifest.xml:26:5-82
15-->[com.google.firebase:firebase-iid:16.0.0] AndroidManifest.xml:26:22-79
16
17    <permission
17-->[com.google.firebase:firebase-iid:16.0.0] AndroidManifest.xml:28:5-30:47
18        android:name="com.example.lajoya.permission.C2D_MESSAGE"
18-->[com.google.firebase:firebase-iid:16.0.0] AndroidManifest.xml:29:9-63
19        android:protectionLevel="signature" />
19-->[com.google.firebase:firebase-iid:16.0.0] AndroidManifest.xml:30:9-44
20
21    <uses-permission android:name="com.example.lajoya.permission.C2D_MESSAGE" />
21-->[com.google.firebase:firebase-iid:16.0.0] AndroidManifest.xml:32:5-79
21-->[com.google.firebase:firebase-iid:16.0.0] AndroidManifest.xml:32:22-76
22
23    <application
23-->src\main\AndroidManifest.xml:5:5-67:19
24        android:allowBackup="true"
24-->src\main\AndroidManifest.xml:6:9-35
25        android:appComponentFactory="androidx.core.app.CoreComponentFactory"
25-->[androidx.core:core:1.1.0] AndroidManifest.xml:24:18-86
26        android:debuggable="true"
27        android:hardwareAccelerated="false"
27-->src\main\AndroidManifest.xml:7:9-44
28        android:icon="@mipmap/ic_launcher"
28-->src\main\AndroidManifest.xml:8:9-43
29        android:label="@string/app_name"
29-->src\main\AndroidManifest.xml:9:9-41
30        android:largeHeap="true"
30-->src\main\AndroidManifest.xml:10:9-33
31        android:supportsRtl="true"
31-->src\main\AndroidManifest.xml:11:9-35
32        android:testOnly="true"
33        android:theme="@style/AppTheme" >
33-->src\main\AndroidManifest.xml:12:9-40
34        <activity android:name="com.example.lajoya.EditProductActivity" />
34-->src\main\AndroidManifest.xml:13:9-84
34-->src\main\AndroidManifest.xml:13:19-72
35        <activity android:name="com.example.lajoya.AdminEditProductActivity" />
35-->src\main\AndroidManifest.xml:14:9-80
35-->src\main\AndroidManifest.xml:14:19-77
36        <activity
36-->src\main\AndroidManifest.xml:15:9-18:59
37            android:name="com.example.lajoya.CategoriesActivity"
37-->src\main\AndroidManifest.xml:16:13-65
38            android:label="@string/title_activity_categories"
38-->src\main\AndroidManifest.xml:17:13-62
39            android:theme="@style/AppTheme.NoActionBar" />
39-->src\main\AndroidManifest.xml:18:13-56
40        <activity android:name="com.example.lajoya.ResetPasswordActivity" />
40-->src\main\AndroidManifest.xml:19:9-77
40-->src\main\AndroidManifest.xml:19:19-74
41        <activity android:name="com.example.lajoya.userOrderCategoryActivity" />
41-->src\main\AndroidManifest.xml:20:9-81
41-->src\main\AndroidManifest.xml:20:19-78
42        <activity android:name="com.example.lajoya.UserOrderView.UserOrderActivity" />
42-->src\main\AndroidManifest.xml:21:9-87
42-->src\main\AndroidManifest.xml:21:19-84
43        <activity android:name="com.example.lajoya.UserOrderView.userOrderViewNewOrder" />
43-->src\main\AndroidManifest.xml:22:9-91
43-->src\main\AndroidManifest.xml:22:19-88
44        <activity android:name="com.example.lajoya.UserOrderView.userOrderViewInTransit" />
44-->src\main\AndroidManifest.xml:23:9-92
44-->src\main\AndroidManifest.xml:23:19-89
45        <activity android:name="com.example.lajoya.UserOrderView.userOrderViewCancelled" />
45-->src\main\AndroidManifest.xml:24:9-92
45-->src\main\AndroidManifest.xml:24:19-89
46        <activity android:name="com.example.lajoya.SearchProductsActivity" />
46-->src\main\AndroidManifest.xml:25:9-78
46-->src\main\AndroidManifest.xml:25:19-75
47        <activity android:name="com.example.lajoya.AdminCheckOrderCategory" />
47-->src\main\AndroidManifest.xml:26:9-79
47-->src\main\AndroidManifest.xml:26:19-76
48        <activity android:name="com.example.lajoya.ProductDetailsActivityGuest" />
48-->src\main\AndroidManifest.xml:27:9-83
48-->src\main\AndroidManifest.xml:27:19-80
49        <activity android:name="com.example.lajoya.LoginRequestActivity" />
49-->src\main\AndroidManifest.xml:28:9-76
49-->src\main\AndroidManifest.xml:28:19-73
50        <activity
50-->src\main\AndroidManifest.xml:29:9-32:59
51            android:name="com.example.lajoya.GuestActivity"
51-->src\main\AndroidManifest.xml:30:13-60
52            android:label="@string/title_activity_guest"
52-->src\main\AndroidManifest.xml:31:13-57
53            android:theme="@style/AppTheme.NoActionBar" />
53-->src\main\AndroidManifest.xml:32:13-56
54        <activity android:name="com.example.lajoya.AdminUserProductsActivity" />
54-->src\main\AndroidManifest.xml:33:9-81
54-->src\main\AndroidManifest.xml:33:19-78
55        <activity android:name="com.example.lajoya.AdminOrderView.AdminOrderViewCancelled" />
55-->src\main\AndroidManifest.xml:34:9-94
55-->src\main\AndroidManifest.xml:34:19-91
56        <activity android:name="com.example.lajoya.AdminOrderView.AdminOrderViewCompleted" />
56-->src\main\AndroidManifest.xml:35:9-94
56-->src\main\AndroidManifest.xml:35:19-91
57        <activity android:name="com.example.lajoya.AdminOrderView.AdminOrderViewInTransit" />
57-->src\main\AndroidManifest.xml:36:9-94
57-->src\main\AndroidManifest.xml:36:19-91
58        <activity android:name="com.example.lajoya.AdminOrderView.AdminOrderViewNewOrder" />
58-->src\main\AndroidManifest.xml:37:9-93
58-->src\main\AndroidManifest.xml:37:19-90
59        <activity android:name="com.example.lajoya.ActivityPayment" />
59-->src\main\AndroidManifest.xml:38:9-71
59-->src\main\AndroidManifest.xml:38:19-68
60        <activity android:name="com.example.lajoya.AddressActivity" />
60-->src\main\AndroidManifest.xml:39:9-71
60-->src\main\AndroidManifest.xml:39:19-68
61        <activity android:name="com.example.lajoya.CartActivity" />
61-->src\main\AndroidManifest.xml:40:9-68
61-->src\main\AndroidManifest.xml:40:19-65
62        <activity android:name="com.example.lajoya.SettingsActivity" />
62-->src\main\AndroidManifest.xml:41:9-72
62-->src\main\AndroidManifest.xml:41:19-69
63        <activity android:name="com.example.lajoya.ProductDetailsActivity" />
63-->src\main\AndroidManifest.xml:42:9-78
63-->src\main\AndroidManifest.xml:42:19-75
64        <activity android:name="com.example.lajoya.AdminAddNewProductActivity" />
64-->src\main\AndroidManifest.xml:43:9-82
64-->src\main\AndroidManifest.xml:43:19-79
65        <activity
65-->src\main\AndroidManifest.xml:44:9-47:59
66            android:name="com.example.lajoya.HomeActivity"
66-->src\main\AndroidManifest.xml:45:13-59
67            android:label="@string/title_activity_home"
67-->src\main\AndroidManifest.xml:46:13-56
68            android:theme="@style/AppTheme.NoActionBar" />
68-->src\main\AndroidManifest.xml:47:13-56
69        <activity android:name="com.example.lajoya.AdminCategoryActivity" />
69-->src\main\AndroidManifest.xml:48:9-77
69-->src\main\AndroidManifest.xml:48:19-74
70        <activity
70-->src\main\AndroidManifest.xml:49:9-51:39
71            android:name="com.example.lajoya.RegisterActivity"
71-->src\main\AndroidManifest.xml:49:19-69
72            android:noHistory="true"
72-->src\main\AndroidManifest.xml:51:13-37
73            android:theme="@style/AppTheme.NoActionBar" />
73-->src\main\AndroidManifest.xml:50:13-56
74        <activity
74-->src\main\AndroidManifest.xml:52:9-54:39
75            android:name="com.example.lajoya.LoginActivity"
75-->src\main\AndroidManifest.xml:52:19-66
76            android:noHistory="true"
76-->src\main\AndroidManifest.xml:54:13-37
77            android:theme="@style/AppTheme.NoActionBar" />
77-->src\main\AndroidManifest.xml:53:13-56
78        <activity
78-->src\main\AndroidManifest.xml:55:9-63:20
79            android:name="com.example.lajoya.MainActivity"
79-->src\main\AndroidManifest.xml:55:19-65
80            android:theme="@style/AppTheme.NoActionBar" >
80-->src\main\AndroidManifest.xml:56:13-56
81            <intent-filter>
81-->src\main\AndroidManifest.xml:58:13-62:29
82                <action android:name="android.intent.action.MAIN" />
82-->src\main\AndroidManifest.xml:59:17-69
82-->src\main\AndroidManifest.xml:59:25-66
83
84                <category android:name="android.intent.category.LAUNCHER" />
84-->src\main\AndroidManifest.xml:61:17-77
84-->src\main\AndroidManifest.xml:61:27-74
85            </intent-filter>
86        </activity>
87        <activity
87-->src\main\AndroidManifest.xml:64:9-66:59
88            android:name="com.theartofdev.edmodo.cropper.CropImageActivity"
88-->src\main\AndroidManifest.xml:65:13-76
89            android:theme="@style/Base.Theme.AppCompat" />
89-->src\main\AndroidManifest.xml:66:13-56
90
91        <provider
91-->[com.squareup.picasso:picasso:2.71828] AndroidManifest.xml:8:9-11:40
92            android:name="com.squareup.picasso.PicassoProvider"
92-->[com.squareup.picasso:picasso:2.71828] AndroidManifest.xml:9:13-64
93            android:authorities="com.example.lajoya.com.squareup.picasso"
93-->[com.squareup.picasso:picasso:2.71828] AndroidManifest.xml:10:13-72
94            android:exported="false" />
94-->[com.squareup.picasso:picasso:2.71828] AndroidManifest.xml:11:13-37
95
96        <service android:name="com.google.firebase.components.ComponentDiscoveryService" >
96-->[com.google.firebase:firebase-measurement-connector-impl:16.0.1] AndroidManifest.xml:27:9-31:19
96-->[com.google.firebase:firebase-measurement-connector-impl:16.0.1] AndroidManifest.xml:27:18-89
97            <meta-data
97-->[com.google.firebase:firebase-measurement-connector-impl:16.0.1] AndroidManifest.xml:28:13-30:85
98                android:name="com.google.firebase.components:com.google.firebase.analytics.connector.internal.AnalyticsConnectorRegistrar"
98-->[com.google.firebase:firebase-measurement-connector-impl:16.0.1] AndroidManifest.xml:29:17-139
99                android:value="com.google.firebase.components.ComponentRegistrar" />
99-->[com.google.firebase:firebase-measurement-connector-impl:16.0.1] AndroidManifest.xml:30:17-82
100            <meta-data
100-->[com.google.firebase:firebase-iid:16.0.0] AndroidManifest.xml:36:13-38:85
101                android:name="com.google.firebase.components:com.google.firebase.iid.Registrar"
101-->[com.google.firebase:firebase-iid:16.0.0] AndroidManifest.xml:37:17-96
102                android:value="com.google.firebase.components.ComponentRegistrar" />
102-->[com.google.firebase:firebase-iid:16.0.0] AndroidManifest.xml:38:17-82
103        </service>
104
105        <receiver
105-->[com.google.firebase:firebase-analytics:16.0.1] AndroidManifest.xml:29:9-33:20
106            android:name="com.google.android.gms.measurement.AppMeasurementReceiver"
106-->[com.google.firebase:firebase-analytics:16.0.1] AndroidManifest.xml:30:13-85
107            android:enabled="true"
107-->[com.google.firebase:firebase-analytics:16.0.1] AndroidManifest.xml:31:13-35
108            android:exported="false" >
108-->[com.google.firebase:firebase-analytics:16.0.1] AndroidManifest.xml:32:13-37
109        </receiver>
110        <receiver
110-->[com.google.firebase:firebase-analytics:16.0.1] AndroidManifest.xml:34:9-42:20
111            android:name="com.google.android.gms.measurement.AppMeasurementInstallReferrerReceiver"
111-->[com.google.firebase:firebase-analytics:16.0.1] AndroidManifest.xml:35:13-100
112            android:enabled="true"
112-->[com.google.firebase:firebase-analytics:16.0.1] AndroidManifest.xml:36:13-35
113            android:exported="true"
113-->[com.google.firebase:firebase-analytics:16.0.1] AndroidManifest.xml:37:13-36
114            android:permission="android.permission.INSTALL_PACKAGES" >
114-->[com.google.firebase:firebase-analytics:16.0.1] AndroidManifest.xml:38:13-69
115            <intent-filter>
115-->[com.google.firebase:firebase-analytics:16.0.1] AndroidManifest.xml:39:13-41:29
116                <action android:name="com.android.vending.INSTALL_REFERRER" />
116-->[com.google.firebase:firebase-analytics:16.0.1] AndroidManifest.xml:40:17-79
116-->[com.google.firebase:firebase-analytics:16.0.1] AndroidManifest.xml:40:25-76
117            </intent-filter>
118        </receiver>
119
120        <service
120-->[com.google.firebase:firebase-analytics:16.0.1] AndroidManifest.xml:44:9-47:40
121            android:name="com.google.android.gms.measurement.AppMeasurementService"
121-->[com.google.firebase:firebase-analytics:16.0.1] AndroidManifest.xml:45:13-84
122            android:enabled="true"
122-->[com.google.firebase:firebase-analytics:16.0.1] AndroidManifest.xml:46:13-35
123            android:exported="false" />
123-->[com.google.firebase:firebase-analytics:16.0.1] AndroidManifest.xml:47:13-37
124        <service
124-->[com.google.firebase:firebase-analytics:16.0.1] AndroidManifest.xml:48:9-52:72
125            android:name="com.google.android.gms.measurement.AppMeasurementJobService"
125-->[com.google.firebase:firebase-analytics:16.0.1] AndroidManifest.xml:49:13-87
126            android:enabled="true"
126-->[com.google.firebase:firebase-analytics:16.0.1] AndroidManifest.xml:50:13-35
127            android:exported="false"
127-->[com.google.firebase:firebase-analytics:16.0.1] AndroidManifest.xml:51:13-37
128            android:permission="android.permission.BIND_JOB_SERVICE" />
128-->[com.google.firebase:firebase-analytics:16.0.1] AndroidManifest.xml:52:13-69
129
130        <receiver
130-->[com.google.firebase:firebase-iid:16.0.0] AndroidManifest.xml:41:9-50:20
131            android:name="com.google.firebase.iid.FirebaseInstanceIdReceiver"
131-->[com.google.firebase:firebase-iid:16.0.0] AndroidManifest.xml:42:13-78
132            android:exported="true"
132-->[com.google.firebase:firebase-iid:16.0.0] AndroidManifest.xml:43:13-36
133            android:permission="com.google.android.c2dm.permission.SEND" >
133-->[com.google.firebase:firebase-iid:16.0.0] AndroidManifest.xml:44:13-73
134            <intent-filter>
134-->[com.google.firebase:firebase-iid:16.0.0] AndroidManifest.xml:45:13-49:29
135                <action android:name="com.google.android.c2dm.intent.RECEIVE" />
135-->[com.google.firebase:firebase-iid:16.0.0] AndroidManifest.xml:46:17-81
135-->[com.google.firebase:firebase-iid:16.0.0] AndroidManifest.xml:46:25-78
136
137                <category android:name="com.example.lajoya" />
137-->[com.google.firebase:firebase-iid:16.0.0] AndroidManifest.xml:48:17-61
137-->[com.google.firebase:firebase-iid:16.0.0] AndroidManifest.xml:48:27-58
138            </intent-filter>
139        </receiver>
140        <!--
141             FirebaseInstanceIdService performs security checks at runtime,
142             no need for explicit permissions despite exported="true"
143        -->
144        <service
144-->[com.google.firebase:firebase-iid:16.0.0] AndroidManifest.xml:56:9-62:19
145            android:name="com.google.firebase.iid.FirebaseInstanceIdService"
145-->[com.google.firebase:firebase-iid:16.0.0] AndroidManifest.xml:57:13-77
146            android:exported="true" >
146-->[com.google.firebase:firebase-iid:16.0.0] AndroidManifest.xml:58:13-36
147            <intent-filter android:priority="-500" >
147-->[com.google.firebase:firebase-iid:16.0.0] AndroidManifest.xml:59:13-61:29
147-->[com.google.firebase:firebase-iid:16.0.0] AndroidManifest.xml:59:28-51
148                <action android:name="com.google.firebase.INSTANCE_ID_EVENT" />
148-->[com.google.firebase:firebase-iid:16.0.0] AndroidManifest.xml:60:17-80
148-->[com.google.firebase:firebase-iid:16.0.0] AndroidManifest.xml:60:25-77
149            </intent-filter>
150        </service>
151
152        <provider
152-->[com.google.firebase:firebase-common:16.0.0] AndroidManifest.xml:9:9-13:39
153            android:name="com.google.firebase.provider.FirebaseInitProvider"
153-->[com.google.firebase:firebase-common:16.0.0] AndroidManifest.xml:10:13-77
154            android:authorities="com.example.lajoya.firebaseinitprovider"
154-->[com.google.firebase:firebase-common:16.0.0] AndroidManifest.xml:11:13-72
155            android:exported="false"
155-->[com.google.firebase:firebase-common:16.0.0] AndroidManifest.xml:12:13-37
156            android:initOrder="100" />
156-->[com.google.firebase:firebase-common:16.0.0] AndroidManifest.xml:13:13-36
157
158        <activity
158-->[com.google.android.gms:play-services-base:15.0.1] AndroidManifest.xml:23:9-26:75
159            android:name="com.google.android.gms.common.api.GoogleApiActivity"
159-->[com.google.android.gms:play-services-base:15.0.1] AndroidManifest.xml:24:13-79
160            android:exported="false"
160-->[com.google.android.gms:play-services-base:15.0.1] AndroidManifest.xml:25:13-37
161            android:theme="@android:style/Theme.Translucent.NoTitleBar" />
161-->[com.google.android.gms:play-services-base:15.0.1] AndroidManifest.xml:26:13-72
162
163        <meta-data
163-->[com.google.android.gms:play-services-basement:15.0.1] AndroidManifest.xml:23:9-25:69
164            android:name="com.google.android.gms.version"
164-->[com.google.android.gms:play-services-basement:15.0.1] AndroidManifest.xml:24:13-58
165            android:value="@integer/google_play_services_version" />
165-->[com.google.android.gms:play-services-basement:15.0.1] AndroidManifest.xml:25:13-66
166    </application>
167
168</manifest>